[0.052s] Invoking command in '/home/mahfuz/ros2-rover-navigation/build/rover_navigation_pkg': CMAKE_PREFIX_PATH=${CMAKE_PREFIX_PATH}:/opt/ros/humble /usr/bin/cmake /home/mahfuz/ros2-rover-navigation/src/rover_navigation_pkg -DCMAKE_INSTALL_PREFIX=/home/mahfuz/ros2-rover-navigation/install/rover_navigation_pkg
[0.062s] -- Found ament_cmake: 1.3.7 (/opt/ros/humble/share/ament_cmake/cmake)
[0.162s] -- Override CMake install command with custom implementation using symlinks instead of copying resources
[0.166s] -- Found ament_lint_auto: 0.12.10 (/opt/ros/humble/share/ament_lint_auto/cmake)
[0.221s] -- Added test 'cppcheck' to perform static code analysis on C / C++ code
[0.221s] -- Configured cppcheck include dirs: $<BUILD_INTERFACE:/home/mahfuz/ros2-rover-navigation/src/rover_navigation_pkg/include>
[0.221s] -- Configured cppcheck exclude dirs and/or files: 
[0.221s] -- Added test 'flake8' to check Python code syntax and style conventions
[0.221s] -- Added test 'lint_cmake' to check CMake code style
[0.222s] -- Added test 'pep257' to check Python code against some of the docstring style conventions in PEP 257
[0.222s] -- Added test 'uncrustify' to check C / C++ code style
[0.222s] -- Configured uncrustify additional arguments: 
[0.222s] -- Added test 'xmllint' to check XML markup files
[0.223s] -- Configuring done
[0.226s] -- Generating done
[0.227s] -- Build files have been written to: /home/mahfuz/ros2-rover-navigation/build/rover_navigation_pkg
[0.230s] Invoked command in '/home/mahfuz/ros2-rover-navigation/build/rover_navigation_pkg' returned '0': CMAKE_PREFIX_PATH=${CMAKE_PREFIX_PATH}:/opt/ros/humble /usr/bin/cmake /home/mahfuz/ros2-rover-navigation/src/rover_navigation_pkg -DCMAKE_INSTALL_PREFIX=/home/mahfuz/ros2-rover-navigation/install/rover_navigation_pkg
[0.231s] Invoking command in '/home/mahfuz/ros2-rover-navigation/build/rover_navigation_pkg': CMAKE_PREFIX_PATH=${CMAKE_PREFIX_PATH}:/opt/ros/humble /usr/bin/cmake --build /home/mahfuz/ros2-rover-navigation/build/rover_navigation_pkg -- -j8 -l8
[0.258s] [35m[1mConsolidate compiler generated dependencies of target rover_navigation_node[0m
[0.266s] [100%] Built target rover_navigation_node
[0.273s] Invoked command in '/home/mahfuz/ros2-rover-navigation/build/rover_navigation_pkg' returned '0': CMAKE_PREFIX_PATH=${CMAKE_PREFIX_PATH}:/opt/ros/humble /usr/bin/cmake --build /home/mahfuz/ros2-rover-navigation/build/rover_navigation_pkg -- -j8 -l8
[0.297s] Invoking command in '/home/mahfuz/ros2-rover-navigation/build/rover_navigation_pkg': CMAKE_PREFIX_PATH=${CMAKE_PREFIX_PATH}:/opt/ros/humble /usr/bin/cmake --install /home/mahfuz/ros2-rover-navigation/build/rover_navigation_pkg
[0.302s] -- Install configuration: ""
[0.302s] -- Execute custom install script
[0.302s] -- Up-to-date symlink: /home/mahfuz/ros2-rover-navigation/install/rover_navigation_pkg/lib/rover_navigation_pkg/rover_navigation_node
[0.303s] -- Up-to-date symlink: /home/mahfuz/ros2-rover-navigation/install/rover_navigation_pkg/share/rover_navigation_pkg//launch/display.launch.py
[0.303s] -- Up-to-date symlink: /home/mahfuz/ros2-rover-navigation/install/rover_navigation_pkg/share/rover_navigation_pkg//launch/gazebo.launch.py
[0.303s] -- Up-to-date symlink: /home/mahfuz/ros2-rover-navigation/install/rover_navigation_pkg/share/rover_navigation_pkg//urdf/my_rover.urdf
[0.303s] -- Up-to-date symlink: /home/mahfuz/ros2-rover-navigation/install/rover_navigation_pkg/share/rover_navigation_pkg//rviz/config.rviz
[0.303s] -- Up-to-date symlink: /home/mahfuz/ros2-rover-navigation/install/rover_navigation_pkg/share/ament_index/resource_index/package_run_dependencies/rover_navigation_pkg
[0.303s] -- Up-to-date symlink: /home/mahfuz/ros2-rover-navigation/install/rover_navigation_pkg/share/ament_index/resource_index/parent_prefix_path/rover_navigation_pkg
[0.303s] -- Up-to-date symlink: /home/mahfuz/ros2-rover-navigation/install/rover_navigation_pkg/share/rover_navigation_pkg/environment/ament_prefix_path.sh
[0.304s] -- Up-to-date symlink: /home/mahfuz/ros2-rover-navigation/install/rover_navigation_pkg/share/rover_navigation_pkg/environment/ament_prefix_path.dsv
[0.304s] -- Up-to-date symlink: /home/mahfuz/ros2-rover-navigation/install/rover_navigation_pkg/share/rover_navigation_pkg/environment/path.sh
[0.304s] -- Up-to-date symlink: /home/mahfuz/ros2-rover-navigation/install/rover_navigation_pkg/share/rover_navigation_pkg/environment/path.dsv
[0.304s] -- Up-to-date symlink: /home/mahfuz/ros2-rover-navigation/install/rover_navigation_pkg/share/rover_navigation_pkg/local_setup.bash
[0.304s] -- Up-to-date symlink: /home/mahfuz/ros2-rover-navigation/install/rover_navigation_pkg/share/rover_navigation_pkg/local_setup.sh
[0.304s] -- Up-to-date symlink: /home/mahfuz/ros2-rover-navigation/install/rover_navigation_pkg/share/rover_navigation_pkg/local_setup.zsh
[0.304s] -- Up-to-date symlink: /home/mahfuz/ros2-rover-navigation/install/rover_navigation_pkg/share/rover_navigation_pkg/local_setup.dsv
[0.304s] -- Symlinking: /home/mahfuz/ros2-rover-navigation/install/rover_navigation_pkg/share/rover_navigation_pkg/package.dsv
[0.311s] -- Up-to-date symlink: /home/mahfuz/ros2-rover-navigation/install/rover_navigation_pkg/share/ament_index/resource_index/packages/rover_navigation_pkg
[0.311s] -- Up-to-date symlink: /home/mahfuz/ros2-rover-navigation/install/rover_navigation_pkg/share/rover_navigation_pkg/cmake/rover_navigation_pkgConfig.cmake
[0.311s] -- Up-to-date symlink: /home/mahfuz/ros2-rover-navigation/install/rover_navigation_pkg/share/rover_navigation_pkg/cmake/rover_navigation_pkgConfig-version.cmake
[0.311s] -- Up-to-date symlink: /home/mahfuz/ros2-rover-navigation/install/rover_navigation_pkg/share/rover_navigation_pkg/package.xml
[0.313s] Invoked command in '/home/mahfuz/ros2-rover-navigation/build/rover_navigation_pkg' returned '0': CMAKE_PREFIX_PATH=${CMAKE_PREFIX_PATH}:/opt/ros/humble /usr/bin/cmake --install /home/mahfuz/ros2-rover-navigation/build/rover_navigation_pkg
