[0.834s] DEBUG:colcon:Command line arguments: ['/usr/bin/colcon', 'build']
[0.834s] DEBUG:colcon:Parsed command line arguments: Namespace(log_base=None, log_level=None, verb_name='build', build_base='build', install_base='install', merge_install=False, symlink_install=False, test_result_base=None, continue_on_error=False, executor='parallel', parallel_workers=8, event_handlers=None, ignore_user_meta=False, metas=['./colcon.meta'], base_paths=['.'], packages_ignore=None, packages_ignore_regex=None, paths=None, packages_up_to=None, packages_up_to_regex=None, packages_above=None, packages_above_and_dependencies=None, packages_above_depth=None, packages_select_by_dep=None, packages_skip_by_dep=None, packages_skip_up_to=None, packages_select_build_failed=False, packages_skip_build_finished=False, packages_select_test_failures=False, packages_skip_test_passed=False, packages_select=None, packages_skip=None, packages_select_regex=None, packages_skip_regex=None, packages_start=None, packages_end=None, allow_overriding=[], cmake_args=None, cmake_target=None, cmake_target_skip_unavailable=False, cmake_clean_cache=False, cmake_clean_first=False, cmake_force_configure=False, ament_cmake_args=None, catkin_cmake_args=None, catkin_skip_building_tests=False, verb_parser=<colcon_defaults.argument_parser.defaults.DefaultArgumentsDecorator object at 0x7efd23bebd60>, verb_extension=<colcon_core.verb.build.BuildVerb object at 0x7efd24123160>, main=<bound method BuildVerb.main of <colcon_core.verb.build.BuildVerb object at 0x7efd24123160>>)
[0.876s] Level 1:colcon.colcon_core.package_discovery:discover_packages(colcon_meta) check parameters
[0.876s] Level 1:colcon.colcon_core.package_discovery:discover_packages(recursive) check parameters
[0.876s] Level 1:colcon.colcon_core.package_discovery:discover_packages(ignore) check parameters
[0.876s] Level 1:colcon.colcon_core.package_discovery:discover_packages(path) check parameters
[0.876s] Level 1:colcon.colcon_core.package_discovery:discover_packages(colcon_meta) discover
[0.876s] Level 1:colcon.colcon_core.package_discovery:discover_packages(recursive) discover
[0.876s] INFO:colcon.colcon_core.package_discovery:Crawling recursively for packages in '/home/mahfuz/ros2-rover-navigation'
[0.877s] Level 1:colcon.colcon_core.package_identification:_identify(.) by extensions ['ignore', 'ignore_ament_install']
[0.877s] Level 1:colcon.colcon_core.package_identification:_identify(.) by extension 'ignore'
[0.877s] Level 1:colcon.colcon_core.package_identification:_identify(.) by extension 'ignore_ament_install'
[0.877s] Level 1:colcon.colcon_core.package_identification:_identify(.) by extensions ['colcon_pkg']
[0.877s] Level 1:colcon.colcon_core.package_identification:_identify(.) by extension 'colcon_pkg'
[0.877s] Level 1:colcon.colcon_core.package_identification:_identify(.) by extensions ['colcon_meta']
[0.877s] Level 1:colcon.colcon_core.package_identification:_identify(.) by extension 'colcon_meta'
[0.877s] Level 1:colcon.colcon_core.package_identification:_identify(.) by extensions ['ros']
[0.877s] Level 1:colcon.colcon_core.package_identification:_identify(.) by extension 'ros'
[0.889s] Level 1:colcon.colcon_core.package_identification:_identify(.) by extensions ['cmake', 'python']
[0.889s] Level 1:colcon.colcon_core.package_identification:_identify(.) by extension 'cmake'
[0.889s] Level 1:colcon.colcon_core.package_identification:_identify(.) by extension 'python'
[0.889s] Level 1:colcon.colcon_core.package_identification:_identify(.) by extensions ['python_setup_py']
[0.889s] Level 1:colcon.colcon_core.package_identification:_identify(.) by extension 'python_setup_py'
[0.889s] Level 1:colcon.colcon_core.package_identification:_identify(build) by extensions ['ignore', 'ignore_ament_install']
[0.889s] Level 1:colcon.colcon_core.package_identification:_identify(build) by extension 'ignore'
[0.889s] Level 1:colcon.colcon_core.package_identification:_identify(build) ignored
[0.889s] Level 1:colcon.colcon_core.package_identification:_identify(cd) by extensions ['ignore', 'ignore_ament_install']
[0.889s] Level 1:colcon.colcon_core.package_identification:_identify(cd) by extension 'ignore'
[0.889s] Level 1:colcon.colcon_core.package_identification:_identify(cd) by extension 'ignore_ament_install'
[0.889s] Level 1:colcon.colcon_core.package_identification:_identify(cd) by extensions ['colcon_pkg']
[0.889s] Level 1:colcon.colcon_core.package_identification:_identify(cd) by extension 'colcon_pkg'
[0.889s] Level 1:colcon.colcon_core.package_identification:_identify(cd) by extensions ['colcon_meta']
[0.889s] Level 1:colcon.colcon_core.package_identification:_identify(cd) by extension 'colcon_meta'
[0.889s] Level 1:colcon.colcon_core.package_identification:_identify(cd) by extensions ['ros']
[0.889s] Level 1:colcon.colcon_core.package_identification:_identify(cd) by extension 'ros'
[0.889s] Level 1:colcon.colcon_core.package_identification:_identify(cd) by extensions ['cmake', 'python']
[0.889s] Level 1:colcon.colcon_core.package_identification:_identify(cd) by extension 'cmake'
[0.890s] Level 1:colcon.colcon_core.package_identification:_identify(cd) by extension 'python'
[0.890s] Level 1:colcon.colcon_core.package_identification:_identify(cd) by extensions ['python_setup_py']
[0.890s] Level 1:colcon.colcon_core.package_identification:_identify(cd) by extension 'python_setup_py'
[0.890s] Level 1:colcon.colcon_core.package_identification:_identify(install) by extensions ['ignore', 'ignore_ament_install']
[0.890s] Level 1:colcon.colcon_core.package_identification:_identify(install) by extension 'ignore'
[0.890s] Level 1:colcon.colcon_core.package_identification:_identify(install) ignored
[0.890s] Level 1:colcon.colcon_core.package_identification:_identify(log) by extensions ['ignore', 'ignore_ament_install']
[0.890s] Level 1:colcon.colcon_core.package_identification:_identify(log) by extension 'ignore'
[0.890s] Level 1:colcon.colcon_core.package_identification:_identify(log) ignored
[0.890s] Level 1:colcon.colcon_core.package_identification:_identify(src) by extensions ['ignore', 'ignore_ament_install']
[0.890s] Level 1:colcon.colcon_core.package_identification:_identify(src) by extension 'ignore'
[0.890s] Level 1:colcon.colcon_core.package_identification:_identify(src) by extension 'ignore_ament_install'
[0.890s] Level 1:colcon.colcon_core.package_identification:_identify(src) by extensions ['colcon_pkg']
[0.890s] Level 1:colcon.colcon_core.package_identification:_identify(src) by extension 'colcon_pkg'
[0.890s] Level 1:colcon.colcon_core.package_identification:_identify(src) by extensions ['colcon_meta']
[0.890s] Level 1:colcon.colcon_core.package_identification:_identify(src) by extension 'colcon_meta'
[0.890s] Level 1:colcon.colcon_core.package_identification:_identify(src) by extensions ['ros']
[0.890s] Level 1:colcon.colcon_core.package_identification:_identify(src) by extension 'ros'
[0.890s] Level 1:colcon.colcon_core.package_identification:_identify(src) by extensions ['cmake', 'python']
[0.890s] Level 1:colcon.colcon_core.package_identification:_identify(src) by extension 'cmake'
[0.890s] Level 1:colcon.colcon_core.package_identification:_identify(src) by extension 'python'
[0.890s] Level 1:colcon.colcon_core.package_identification:_identify(src) by extensions ['python_setup_py']
[0.890s] Level 1:colcon.colcon_core.package_identification:_identify(src) by extension 'python_setup_py'
[0.890s] Level 1:colcon.colcon_core.package_identification:_identify(src/rover_navigation_pkg) by extensions ['ignore', 'ignore_ament_install']
[0.890s] Level 1:colcon.colcon_core.package_identification:_identify(src/rover_navigation_pkg) by extension 'ignore'
[0.890s] Level 1:colcon.colcon_core.package_identification:_identify(src/rover_navigation_pkg) by extension 'ignore_ament_install'
[0.891s] Level 1:colcon.colcon_core.package_identification:_identify(src/rover_navigation_pkg) by extensions ['colcon_pkg']
[0.891s] Level 1:colcon.colcon_core.package_identification:_identify(src/rover_navigation_pkg) by extension 'colcon_pkg'
[0.891s] Level 1:colcon.colcon_core.package_identification:_identify(src/rover_navigation_pkg) by extensions ['colcon_meta']
[0.891s] Level 1:colcon.colcon_core.package_identification:_identify(src/rover_navigation_pkg) by extension 'colcon_meta'
[0.891s] Level 1:colcon.colcon_core.package_identification:_identify(src/rover_navigation_pkg) by extensions ['ros']
[0.891s] Level 1:colcon.colcon_core.package_identification:_identify(src/rover_navigation_pkg) by extension 'ros'
[0.893s] DEBUG:colcon.colcon_core.package_identification:Package 'src/rover_navigation_pkg' with type 'ros.ament_cmake' and name 'rover_navigation_pkg'
[0.893s] Level 1:colcon.colcon_core.package_discovery:discover_packages(recursive) using defaults
[0.893s] Level 1:colcon.colcon_core.package_discovery:discover_packages(ignore) discover
[0.893s] Level 1:colcon.colcon_core.package_discovery:discover_packages(ignore) using defaults
[0.893s] Level 1:colcon.colcon_core.package_discovery:discover_packages(path) discover
[0.893s] Level 1:colcon.colcon_core.package_discovery:discover_packages(path) using defaults
[0.962s] Level 1:colcon.colcon_core.package_discovery:discover_packages(prefix_path) check parameters
[0.963s] Level 1:colcon.colcon_core.package_discovery:discover_packages(prefix_path) discover
[0.985s] DEBUG:colcon.colcon_installed_package_information.package_discovery:Found 1 installed packages in /home/mahfuz/ros2-rover-navigation/install
[0.996s] DEBUG:colcon.colcon_installed_package_information.package_discovery:Found 387 installed packages in /opt/ros/humble
[0.998s] Level 1:colcon.colcon_core.package_discovery:discover_packages(prefix_path) using defaults
[1.117s] Level 5:colcon.colcon_core.verb:set package 'rover_navigation_pkg' build argument 'cmake_args' from command line to 'None'
[1.117s] Level 5:colcon.colcon_core.verb:set package 'rover_navigation_pkg' build argument 'cmake_target' from command line to 'None'
[1.117s] Level 5:colcon.colcon_core.verb:set package 'rover_navigation_pkg' build argument 'cmake_target_skip_unavailable' from command line to 'False'
[1.117s] Level 5:colcon.colcon_core.verb:set package 'rover_navigation_pkg' build argument 'cmake_clean_cache' from command line to 'False'
[1.117s] Level 5:colcon.colcon_core.verb:set package 'rover_navigation_pkg' build argument 'cmake_clean_first' from command line to 'False'
[1.117s] Level 5:colcon.colcon_core.verb:set package 'rover_navigation_pkg' build argument 'cmake_force_configure' from command line to 'False'
[1.117s] Level 5:colcon.colcon_core.verb:set package 'rover_navigation_pkg' build argument 'ament_cmake_args' from command line to 'None'
[1.117s] Level 5:colcon.colcon_core.verb:set package 'rover_navigation_pkg' build argument 'catkin_cmake_args' from command line to 'None'
[1.117s] Level 5:colcon.colcon_core.verb:set package 'rover_navigation_pkg' build argument 'catkin_skip_building_tests' from command line to 'False'
[1.117s] DEBUG:colcon.colcon_core.verb:Building package 'rover_navigation_pkg' with the following arguments: {'ament_cmake_args': None, 'build_base': '/home/mahfuz/ros2-rover-navigation/build/rover_navigation_pkg', 'catkin_cmake_args': None, 'catkin_skip_building_tests': False, 'cmake_args': None, 'cmake_clean_cache': False, 'cmake_clean_first': False, 'cmake_force_configure': False, 'cmake_target': None, 'cmake_target_skip_unavailable': False, 'install_base': '/home/mahfuz/ros2-rover-navigation/install/rover_navigation_pkg', 'merge_install': False, 'path': '/home/mahfuz/ros2-rover-navigation/src/rover_navigation_pkg', 'symlink_install': False, 'test_result_base': None}
[1.127s] INFO:colcon.colcon_core.executor:Executing jobs using 'parallel' executor
[1.138s] DEBUG:colcon.colcon_parallel_executor.executor.parallel:run_until_complete
[1.138s] INFO:colcon.colcon_ros.task.ament_cmake.build:Building ROS package in '/home/mahfuz/ros2-rover-navigation/src/rover_navigation_pkg' with build type 'ament_cmake'
[1.138s] INFO:colcon.colcon_cmake.task.cmake.build:Building CMake package in '/home/mahfuz/ros2-rover-navigation/src/rover_navigation_pkg'
[1.153s] INFO:colcon.colcon_core.plugin_system:Skipping extension 'colcon_core.shell.bat': Not used on non-Windows systems
[1.153s] INFO:colcon.colcon_core.shell:Skip shell extension 'powershell' for command environment: Not usable outside of PowerShell
[1.153s] DEBUG:colcon.colcon_core.shell:Skip shell extension 'dsv' for command environment
[1.191s] DEBUG:colcon.colcon_core.event_handler.log_command:Invoking command in '/home/mahfuz/ros2-rover-navigation/build/rover_navigation_pkg': CMAKE_PREFIX_PATH=${CMAKE_PREFIX_PATH}:/opt/ros/humble /usr/bin/cmake /home/mahfuz/ros2-rover-navigation/src/rover_navigation_pkg -DCMAKE_INSTALL_PREFIX=/home/mahfuz/ros2-rover-navigation/install/rover_navigation_pkg
[1.368s] DEBUG:colcon.colcon_core.event_handler.log_command:Invoked command in '/home/mahfuz/ros2-rover-navigation/build/rover_navigation_pkg' returned '0': CMAKE_PREFIX_PATH=${CMAKE_PREFIX_PATH}:/opt/ros/humble /usr/bin/cmake /home/mahfuz/ros2-rover-navigation/src/rover_navigation_pkg -DCMAKE_INSTALL_PREFIX=/home/mahfuz/ros2-rover-navigation/install/rover_navigation_pkg
[1.369s] DEBUG:colcon.colcon_core.event_handler.log_command:Invoking command in '/home/mahfuz/ros2-rover-navigation/build/rover_navigation_pkg': CMAKE_PREFIX_PATH=${CMAKE_PREFIX_PATH}:/opt/ros/humble /usr/bin/cmake --build /home/mahfuz/ros2-rover-navigation/build/rover_navigation_pkg -- -j8 -l8
[1.412s] DEBUG:colcon.colcon_core.event_handler.log_command:Invoked command in '/home/mahfuz/ros2-rover-navigation/build/rover_navigation_pkg' returned '0': CMAKE_PREFIX_PATH=${CMAKE_PREFIX_PATH}:/opt/ros/humble /usr/bin/cmake --build /home/mahfuz/ros2-rover-navigation/build/rover_navigation_pkg -- -j8 -l8
[1.436s] DEBUG:colcon.colcon_core.event_handler.log_command:Invoking command in '/home/mahfuz/ros2-rover-navigation/build/rover_navigation_pkg': CMAKE_PREFIX_PATH=${CMAKE_PREFIX_PATH}:/opt/ros/humble /usr/bin/cmake --install /home/mahfuz/ros2-rover-navigation/build/rover_navigation_pkg
[1.451s] Level 1:colcon.colcon_core.environment:create_environment_scripts_only(rover_navigation_pkg)
[1.451s] DEBUG:colcon.colcon_core.event_handler.log_command:Invoked command in '/home/mahfuz/ros2-rover-navigation/build/rover_navigation_pkg' returned '0': CMAKE_PREFIX_PATH=${CMAKE_PREFIX_PATH}:/opt/ros/humble /usr/bin/cmake --install /home/mahfuz/ros2-rover-navigation/build/rover_navigation_pkg
[1.465s] Level 1:colcon.colcon_core.environment:checking '/home/mahfuz/ros2-rover-navigation/install/rover_navigation_pkg' for CMake module files
[1.466s] Level 1:colcon.colcon_core.environment:checking '/home/mahfuz/ros2-rover-navigation/install/rover_navigation_pkg' for CMake config files
[1.466s] Level 1:colcon.colcon_core.shell:create_environment_hook('rover_navigation_pkg', 'cmake_prefix_path')
[1.477s] INFO:colcon.colcon_core.shell:Creating environment hook '/home/mahfuz/ros2-rover-navigation/install/rover_navigation_pkg/share/rover_navigation_pkg/hook/cmake_prefix_path.ps1'
[1.478s] INFO:colcon.colcon_core.shell:Creating environment descriptor '/home/mahfuz/ros2-rover-navigation/install/rover_navigation_pkg/share/rover_navigation_pkg/hook/cmake_prefix_path.dsv'
[1.478s] INFO:colcon.colcon_core.shell:Creating environment hook '/home/mahfuz/ros2-rover-navigation/install/rover_navigation_pkg/share/rover_navigation_pkg/hook/cmake_prefix_path.sh'
[1.479s] Level 1:colcon.colcon_core.environment:checking '/home/mahfuz/ros2-rover-navigation/install/rover_navigation_pkg/lib'
[1.479s] Level 1:colcon.colcon_core.environment:checking '/home/mahfuz/ros2-rover-navigation/install/rover_navigation_pkg/bin'
[1.479s] Level 1:colcon.colcon_core.environment:checking '/home/mahfuz/ros2-rover-navigation/install/rover_navigation_pkg/lib/pkgconfig/rover_navigation_pkg.pc'
[1.479s] Level 1:colcon.colcon_core.environment:checking '/home/mahfuz/ros2-rover-navigation/install/rover_navigation_pkg/lib/python3.10/site-packages'
[1.479s] Level 1:colcon.colcon_core.environment:checking '/home/mahfuz/ros2-rover-navigation/install/rover_navigation_pkg/bin'
[1.489s] INFO:colcon.colcon_core.shell:Creating package script '/home/mahfuz/ros2-rover-navigation/install/rover_navigation_pkg/share/rover_navigation_pkg/package.ps1'
[1.490s] INFO:colcon.colcon_core.shell:Creating package descriptor '/home/mahfuz/ros2-rover-navigation/install/rover_navigation_pkg/share/rover_navigation_pkg/package.dsv'
[1.490s] INFO:colcon.colcon_core.shell:Creating package script '/home/mahfuz/ros2-rover-navigation/install/rover_navigation_pkg/share/rover_navigation_pkg/package.sh'
[1.491s] INFO:colcon.colcon_core.shell:Creating package script '/home/mahfuz/ros2-rover-navigation/install/rover_navigation_pkg/share/rover_navigation_pkg/package.bash'
[1.491s] INFO:colcon.colcon_core.shell:Creating package script '/home/mahfuz/ros2-rover-navigation/install/rover_navigation_pkg/share/rover_navigation_pkg/package.zsh'
[1.491s] Level 1:colcon.colcon_core.environment:create_file_with_runtime_dependencies(/home/mahfuz/ros2-rover-navigation/install/rover_navigation_pkg/share/colcon-core/packages/rover_navigation_pkg)
[1.519s] Level 1:colcon.colcon_core.environment:create_environment_scripts_only(rover_navigation_pkg)
[1.529s] Level 1:colcon.colcon_core.environment:checking '/home/mahfuz/ros2-rover-navigation/install/rover_navigation_pkg' for CMake module files
[1.530s] Level 1:colcon.colcon_core.environment:checking '/home/mahfuz/ros2-rover-navigation/install/rover_navigation_pkg' for CMake config files
[1.530s] Level 1:colcon.colcon_core.shell:create_environment_hook('rover_navigation_pkg', 'cmake_prefix_path')
[1.540s] INFO:colcon.colcon_core.shell:Creating environment hook '/home/mahfuz/ros2-rover-navigation/install/rover_navigation_pkg/share/rover_navigation_pkg/hook/cmake_prefix_path.ps1'
[1.540s] INFO:colcon.colcon_core.shell:Creating environment descriptor '/home/mahfuz/ros2-rover-navigation/install/rover_navigation_pkg/share/rover_navigation_pkg/hook/cmake_prefix_path.dsv'
[1.541s] INFO:colcon.colcon_core.shell:Creating environment hook '/home/mahfuz/ros2-rover-navigation/install/rover_navigation_pkg/share/rover_navigation_pkg/hook/cmake_prefix_path.sh'
[1.541s] Level 1:colcon.colcon_core.environment:checking '/home/mahfuz/ros2-rover-navigation/install/rover_navigation_pkg/lib'
[1.541s] Level 1:colcon.colcon_core.environment:checking '/home/mahfuz/ros2-rover-navigation/install/rover_navigation_pkg/bin'
[1.541s] Level 1:colcon.colcon_core.environment:checking '/home/mahfuz/ros2-rover-navigation/install/rover_navigation_pkg/lib/pkgconfig/rover_navigation_pkg.pc'
[1.541s] Level 1:colcon.colcon_core.environment:checking '/home/mahfuz/ros2-rover-navigation/install/rover_navigation_pkg/lib/python3.10/site-packages'
[1.541s] Level 1:colcon.colcon_core.environment:checking '/home/mahfuz/ros2-rover-navigation/install/rover_navigation_pkg/bin'
[1.551s] INFO:colcon.colcon_core.shell:Creating package script '/home/mahfuz/ros2-rover-navigation/install/rover_navigation_pkg/share/rover_navigation_pkg/package.ps1'
[1.552s] INFO:colcon.colcon_core.shell:Creating package descriptor '/home/mahfuz/ros2-rover-navigation/install/rover_navigation_pkg/share/rover_navigation_pkg/package.dsv'
[1.552s] INFO:colcon.colcon_core.shell:Creating package script '/home/mahfuz/ros2-rover-navigation/install/rover_navigation_pkg/share/rover_navigation_pkg/package.sh'
[1.552s] INFO:colcon.colcon_core.shell:Creating package script '/home/mahfuz/ros2-rover-navigation/install/rover_navigation_pkg/share/rover_navigation_pkg/package.bash'
[1.552s] INFO:colcon.colcon_core.shell:Creating package script '/home/mahfuz/ros2-rover-navigation/install/rover_navigation_pkg/share/rover_navigation_pkg/package.zsh'
[1.553s] Level 1:colcon.colcon_core.environment:create_file_with_runtime_dependencies(/home/mahfuz/ros2-rover-navigation/install/rover_navigation_pkg/share/colcon-core/packages/rover_navigation_pkg)
[1.553s] DEBUG:colcon.colcon_parallel_executor.executor.parallel:closing loop
[1.553s] DEBUG:colcon.colcon_parallel_executor.executor.parallel:loop closed
[1.553s] DEBUG:colcon.colcon_parallel_executor.executor.parallel:run_until_complete finished with '0'
[1.553s] DEBUG:colcon.colcon_core.event_reactor:joining thread
[1.571s] INFO:colcon.colcon_core.plugin_system:Skipping extension 'colcon_notification.desktop_notification.terminal_notifier': Not used on non-Darwin systems
[1.571s] INFO:colcon.colcon_core.plugin_system:Skipping extension 'colcon_notification.desktop_notification.win32': Not used on non-Windows systems
[1.571s] INFO:colcon.colcon_notification.desktop_notification:Sending desktop notification using 'notify2'
[1.579s] DEBUG:colcon.colcon_core.event_reactor:joined thread
[1.591s] INFO:colcon.colcon_core.shell:Creating prefix script '/home/mahfuz/ros2-rover-navigation/install/local_setup.ps1'
[1.592s] INFO:colcon.colcon_core.shell:Creating prefix util module '/home/mahfuz/ros2-rover-navigation/install/_local_setup_util_ps1.py'
[1.593s] INFO:colcon.colcon_core.shell:Creating prefix chain script '/home/mahfuz/ros2-rover-navigation/install/setup.ps1'
[1.605s] INFO:colcon.colcon_core.shell:Creating prefix script '/home/mahfuz/ros2-rover-navigation/install/local_setup.sh'
[1.606s] INFO:colcon.colcon_core.shell:Creating prefix util module '/home/mahfuz/ros2-rover-navigation/install/_local_setup_util_sh.py'
[1.606s] INFO:colcon.colcon_core.shell:Creating prefix chain script '/home/mahfuz/ros2-rover-navigation/install/setup.sh'
[1.617s] INFO:colcon.colcon_core.shell:Creating prefix script '/home/mahfuz/ros2-rover-navigation/install/local_setup.bash'
[1.618s] INFO:colcon.colcon_core.shell:Creating prefix chain script '/home/mahfuz/ros2-rover-navigation/install/setup.bash'
[1.629s] INFO:colcon.colcon_core.shell:Creating prefix script '/home/mahfuz/ros2-rover-navigation/install/local_setup.zsh'
[1.630s] INFO:colcon.colcon_core.shell:Creating prefix chain script '/home/mahfuz/ros2-rover-navigation/install/setup.zsh'
